main -- time : 1545994638.536934s 
fact -- time : 1545994638.537038s 
poker -- time : 1545994638.537064s 
module -- time : 1545994638.537085s
END -- time : 1545994638.537193s 
END -- time : 1545994638.537213s   
az -- time : 1545994638.537109s  
END -- time : 1545994638.537151s
ze -- time : 1545994638.537109s  
END -- time : 1545994638.537151s
sx -- time : 1545994638.537109s  
END -- time : 1545994638.537151s
wxc -- time : 1545994638.537109s  
END -- time : 1545994638.537151s
qs -- time : 1545994638.537109s  
END -- time : 1545994638.537151s
d -- time : 1545994638.537109s  
END -- time : 1545994638.537151s
cx -- time : 1545994638.537109s  
END -- time : 1545994638.537151s
vc -- time : 1545994638.537109s  
END -- time : 1545994638.537151s 
END -- time : 1545994638.537172s
vb -- time : 1545994638.537109s  
END -- time : 1545994638.537151s
nn -- time : 1545994638.537109s  
END -- time : 1545994638.537151s
END -- time : 1545994638.537172s
